Compiling target HTML5_X...
Removing previously generated content...
Note: auto-sync of imported files is disabled for this target!
Loading skin info...
Gathering Glossary information...
Gathering Auto-index information...
Loading Master TOC...
Processing Master TOC...
Collecting linked (merged) help system info...
Generating Glossary...
Collecting source files...
Processing source files...
Excluded from output:file:///C:/doc/Importee/en-US/Content/Cross_reference_Y.htm.
Processing CSS: Resources\Stylesheets\styles.css...
Link points outside project file:///C:/doc/_imports/fonts.css
Link points outside project file:///C:/doc/_imports/skin.css
Link points outside project file:///C:/doc/_imports/ie.css
Link points outside project file:///C:/doc/_imports/responsive.css
Processing CSS: Resources\TableStyles\LeftBold.css...
Processing CSS: Resources\TableStyles\tableGrid.css...
Processing CSS: Resources\TableStyles\ZebraTable.css...
Generating output files...
Processing topic: FRONT.htm...
Generated FRONT.htm
Processing topic: About_test_1.htm...
Generated About_test_1.htm
Processing topic: About_test_2.htm...
Generated About_test_2.htm
Processing topic: About_test_3.htm...
Generated About_test_3.htm
Processing topic: About_test_4.htm...
Missing linked source file: C:\doc\Importee\en-US\Content\Cross_reference_X_BEFORE.htm
Generated About_test_4.htm
Processing topic: About_test_5.htm...
Missing linked source file: C:\doc\Importee\en-US\Content\Resources\Images\Icon_X.PNG
Generated About_test_5.htm
Processing topic: About_test_6_X.htm...
Generated About_test_6_X.htm
Processing topic: About_test_10.htm...
Cross-reference to excluded file removed from output.
Generated About_test_10.htm
Processing topic: About_test_21.htm...
Generated About_test_21.htm
Processing topic: About_test_22.htm...
Generated About_test_22.htm
Processing topic: About_test_31.htm...
Generated About_test_31.htm
Processing topic: About_test_42.htm...
Generated About_test_42.htm
Processing topic: Cross_reference_X.htm...
Generated Cross_reference_X.htm
Generating output skins...
Generating synonyms file...
Generating alias file...
Processing audio links...
Generating final TOC...
Generating concept and keyword anchors in output files...
Generating Index...
Generating Concepts...
Resolving links in output files...
Failed to update: The 'br' start tag on line 8 position 4 does not match the end tag of 'p'. Line 10, position 5.
Missing cross-referenced file: C:\doc\Importee\en-US\Output\HTML5_X\Content\Cross_reference_X_BEFORE.htm
Generating Search Database...
Generating final output...
Generated Importee.htm
Saving result set...
Output generated in 4 second(s).

Done
Publishing target HTML5_X...
Publish skipped: No destination selected.
Compiled 1 target(s)
Published 0 target(s)
Compiling target PDF_X...
Removing previously generated content...
Checking if auto-sync of any import file is needed...
Gathering Glossary information...
Gathering Auto-index information...
Loading Master TOC...
Processing Master TOC...
Generating Glossary...
Processing Page Layouts...
Collecting source files...
Processing source files...
Processing topic: FRONT.htm
Processing CSS: Resources\Stylesheets\styles.css...
Link points outside project file:///C:/doc/_imports/fonts.css
Link points outside project file:///C:/doc/_imports/skin.css
Link points outside project file:///C:/doc/_imports/ie.css
Link points outside project file:///C:/doc/_imports/responsive.css
Processing topic: About_test_1.htm
File could not be loaded. The 'br' start tag on line 8 position 4 does not match the end tag of 'p'. Line 10, position 5.
Processing topic: About_test_3.htm
Use of undefined variable Primary.DUMMY.
Processing topic: About_test_4.htm
Missing linked source file: C:\doc\Importee\en-US\Content\Cross_reference_X_BEFORE.htm
Processing topic: About_test_5.htm
Missing linked source file: C:\doc\Importee\en-US\Content\Resources\Images\Icon_X.PNG
Processing topic: About_test_6_X.htm
Processing topic: About_test_10.htm
Processing topic: About_test_21.htm
Processing topic: About_test_22.htm
Processing topic: About_test_31.htm
Processing topic: About_test_42.htm
Linking cross-references...
Cross-referenced topic is not part of TOC: file:///C:/doc/Importee/en-US/Content/Cross_reference_X.htm
Cross-referenced topic is not part of TOC: file:///C:/doc/Importee/en-US/Content/About_test_2.htm
Missing cross-referenced file: file:///C:/doc/Importee/en-US/Output/Temporary/PDF_X/Cross_reference_X_BEFORE.htm
Cross-referenced topic is not part of TOC: file:///C:/doc/Importee/en-US/Content/Cross_reference_Y.htm
Creating chapters...
Paginating...
Collecting TOC and Index data..
Generating TOC and Index...
Formatting page numbers...
Updating cross-references...
Processing variables in FRONT.htm...
Paginating FRONT.htm...
Final page count = 2.
Updating links...
Adding PDF for TEST.htm...
Saving PDF TEST.pdf...
Removing temporary chapter files...
Generating Index...
Generating final output...
Patching links and page references...
Generated ../../../PDF_X/TEST.pdf
Saving result set...
Output generated in 6 second(s).

Done
Publishing target PDF_X...
Publish skipped: No destination selected.
Compiled 1 target(s)
Published 0 target(s)
